

*******************************************************************************
Fri Mar 25 21:15:04 2022


FIT:    data read from 'salida5.dat'
        format = z
        #datapoints = 24
        residuals are weighted equally (unit weight)

function used for fitting: f(x)
	f(x) = a0*x*x+a1*x+a2
fitted parameters initialized with current variable values

iter      chisq       delta/lim  lambda   a0            a1            a2           
   0 7.3065634809e+21   0.00e+00  1.01e+10    1.000000e+00   1.000000e+00   1.000000e+00
  14 2.5251277965e-03  -4.87e-07  1.01e-04    1.088887e-09   2.936491e-07  -2.118297e-03

After 14 iterations the fit converged.
final sum of squares of residuals : 0.00252513
rel. change during last iteration : -4.87381e-12

degrees of freedom    (FIT_NDF)                        : 21
rms of residuals      (FIT_STDFIT) = sqrt(WSSR/ndf)    : 0.0109656
variance of residuals (reduced chisquare) = WSSR/ndf   : 0.000120244

Final set of parameters            Asymptotic Standard Error
=======================            ==========================
a0              = 1.08889e-09      +/- 8.354e-13    (0.07672%)
a1              = 2.93649e-07      +/- 1.737e-07    (59.15%)
a2              = -0.0021183       +/- 0.007635     (360.4%)

correlation matrix of the fit parameters:
                a0     a1     a2     
a0              1.000 
a1             -0.972  1.000 
a2              0.789 -0.894  1.000 


*******************************************************************************
Mon Mar 28 21:47:42 2022


FIT:    data read from 'mejorcasoseleccion.dat'
        format = z
        #datapoints = 24
        residuals are weighted equally (unit weight)

function used for fitting: f(x)
	f(x) = a0*x*x+a1*x+a2
fitted parameters initialized with current variable values

iter      chisq       delta/lim  lambda   a0            a1            a2           
   0 7.3065634947e+21   0.00e+00  1.01e+10    1.000000e+00   1.000000e+00   1.000000e+00
  14 2.0362594886e-03  -6.04e-07  1.01e-04    1.437562e-10  -2.351491e-07   7.233156e-03

After 14 iterations the fit converged.
final sum of squares of residuals : 0.00203626
rel. change during last iteration : -6.04158e-12

degrees of freedom    (FIT_NDF)                        : 21
rms of residuals      (FIT_STDFIT) = sqrt(WSSR/ndf)    : 0.00984707
variance of residuals (reduced chisquare) = WSSR/ndf   : 9.69647e-05

Final set of parameters            Asymptotic Standard Error
=======================            ==========================
a0              = 1.43756e-10      +/- 7.502e-13    (0.5219%)
a1              = -2.35149e-07     +/- 1.56e-07     (66.33%)
a2              = 0.00723316       +/- 0.006856     (94.79%)

correlation matrix of the fit parameters:
                a0     a1     a2     
a0              1.000 
a1             -0.972  1.000 
a2              0.789 -0.894  1.000 


*******************************************************************************
Mon Mar 28 21:48:34 2022


FIT:    data read from 'casopromedioseleccion.dat'
        format = z
        #datapoints = 24
        residuals are weighted equally (unit weight)

function used for fitting: g(x)
	g(x) = b0*x*x+b1*x+b2
fitted parameters initialized with current variable values

iter      chisq       delta/lim  lambda   b0            b1            b2           
   0 7.3065634947e+21   0.00e+00  1.01e+10    1.000000e+00   1.000000e+00   1.000000e+00
  14 4.5659541753e-04  -2.70e-06  1.01e-04    1.434516e-10  -2.008466e-07   5.737566e-03

After 14 iterations the fit converged.
final sum of squares of residuals : 0.000456595
rel. change during last iteration : -2.70483e-11

degrees of freedom    (FIT_NDF)                        : 21
rms of residuals      (FIT_STDFIT) = sqrt(WSSR/ndf)    : 0.0046629
variance of residuals (reduced chisquare) = WSSR/ndf   : 2.17426e-05

Final set of parameters            Asymptotic Standard Error
=======================            ==========================
b0              = 1.43452e-10      +/- 3.552e-13    (0.2476%)
b1              = -2.00847e-07     +/- 7.386e-08    (36.78%)
b2              = 0.00573757       +/- 0.003247     (56.59%)

correlation matrix of the fit parameters:
                b0     b1     b2     
b0              1.000 
b1             -0.972  1.000 
b2              0.789 -0.894  1.000 


*******************************************************************************
Mon Mar 28 21:49:26 2022


FIT:    data read from 'peorcasoseleccion.dat'
        format = z
        #datapoints = 24
        residuals are weighted equally (unit weight)

function used for fitting: h(x)
	h(x) = c0*x*x+c1*x+c2
fitted parameters initialized with current variable values

iter      chisq       delta/lim  lambda   c0            c1            c2           
   0 7.3065634947e+21   0.00e+00  1.01e+10    1.000000e+00   1.000000e+00   1.000000e+00
  14 9.1745681842e-04  -1.34e-06  1.01e-04    1.437810e-10  -2.496939e-07   7.680653e-03

After 14 iterations the fit converged.
final sum of squares of residuals : 0.000917457
rel. change during last iteration : -1.34362e-11

degrees of freedom    (FIT_NDF)                        : 21
rms of residuals      (FIT_STDFIT) = sqrt(WSSR/ndf)    : 0.00660972
variance of residuals (reduced chisquare) = WSSR/ndf   : 4.36884e-05

Final set of parameters            Asymptotic Standard Error
=======================            ==========================
c0              = 1.43781e-10      +/- 5.036e-13    (0.3502%)
c1              = -2.49694e-07     +/- 1.047e-07    (41.93%)
c2              = 0.00768065       +/- 0.004602     (59.92%)

correlation matrix of the fit parameters:
                c0     c1     c2     
c0              1.000 
c1             -0.972  1.000 
c2              0.789 -0.894  1.000 


*******************************************************************************
Tue Mar 29 00:04:07 2022


FIT:    data read from 'mejorselec.dat'
        format = z
        #datapoints = 24
        residuals are weighted equally (unit weight)

function used for fitting: f(x)
	f(x) = a0*x*x+a1*x+a2
fitted parameters initialized with current variable values

iter      chisq       delta/lim  lambda   a0            a1            a2           
   0 7.3065634809e+21   0.00e+00  1.01e+10    1.000000e+00   1.000000e+00   1.000000e+00
  14 3.5862572696e-03  -3.47e-07  1.01e-04    1.090968e-09  -1.007925e-07   1.770079e-02

After 14 iterations the fit converged.
final sum of squares of residuals : 0.00358626
rel. change during last iteration : -3.47234e-12

degrees of freedom    (FIT_NDF)                        : 21
rms of residuals      (FIT_STDFIT) = sqrt(WSSR/ndf)    : 0.0130681
variance of residuals (reduced chisquare) = WSSR/ndf   : 0.000170774

Final set of parameters            Asymptotic Standard Error
=======================            ==========================
a0              = 1.09097e-09      +/- 9.956e-13    (0.09126%)
a1              = -1.00793e-07     +/- 2.07e-07     (205.4%)
a2              = 0.0177008        +/- 0.009099     (51.4%)

correlation matrix of the fit parameters:
                a0     a1     a2     
a0              1.000 
a1             -0.972  1.000 
a2              0.789 -0.894  1.000 


*******************************************************************************
Tue Mar 29 00:04:35 2022


FIT:    data read from 'salida5.dat'
        format = z
        #datapoints = 24
        residuals are weighted equally (unit weight)

function used for fitting: g(x)
	g(x) = b0*x*x+b1*x+b2
fitted parameters initialized with current variable values

iter      chisq       delta/lim  lambda   b0            b1            b2           
   0 7.3065634809e+21   0.00e+00  1.01e+10    1.000000e+00   1.000000e+00   1.000000e+00
  14 2.5251277965e-03  -4.87e-07  1.01e-04    1.088887e-09   2.936491e-07  -2.118297e-03

After 14 iterations the fit converged.
final sum of squares of residuals : 0.00252513
rel. change during last iteration : -4.87381e-12

degrees of freedom    (FIT_NDF)                        : 21
rms of residuals      (FIT_STDFIT) = sqrt(WSSR/ndf)    : 0.0109656
variance of residuals (reduced chisquare) = WSSR/ndf   : 0.000120244

Final set of parameters            Asymptotic Standard Error
=======================            ==========================
b0              = 1.08889e-09      +/- 8.354e-13    (0.07672%)
b1              = 2.93649e-07      +/- 1.737e-07    (59.15%)
b2              = -0.0021183       +/- 0.007635     (360.4%)

correlation matrix of the fit parameters:
                b0     b1     b2     
b0              1.000 
b1             -0.972  1.000 
b2              0.789 -0.894  1.000 


*******************************************************************************
Tue Mar 29 00:05:23 2022


FIT:    data read from 'peorselec.dat'
        format = z
        #datapoints = 24
        residuals are weighted equally (unit weight)

function used for fitting: h(x)
	h(x) = c0*x*x+c1*x+c2
fitted parameters initialized with current variable values

iter      chisq       delta/lim  lambda   c0            c1            c2           
   0 7.3065634796e+21   0.00e+00  1.01e+10    1.000000e+00   1.000000e+00   1.000000e+00
  14 9.6685177702e-03  -1.16e-07  1.01e-04    1.175746e-09  -9.344978e-08   1.238427e-02

After 14 iterations the fit converged.
final sum of squares of residuals : 0.00966852
rel. change during last iteration : -1.15833e-12

degrees of freedom    (FIT_NDF)                        : 21
rms of residuals      (FIT_STDFIT) = sqrt(WSSR/ndf)    : 0.0214571
variance of residuals (reduced chisquare) = WSSR/ndf   : 0.000460406

Final set of parameters            Asymptotic Standard Error
=======================            ==========================
c0              = 1.17575e-09      +/- 1.635e-12    (0.139%)
c1              = -9.34498e-08     +/- 3.399e-07    (363.7%)
c2              = 0.0123843        +/- 0.01494      (120.6%)

correlation matrix of the fit parameters:
                c0     c1     c2     
c0              1.000 
c1             -0.972  1.000 
c2              0.789 -0.894  1.000 
