

*******************************************************************************
Thu Mar 24 15:24:08 2022


FIT:    data read from 'salida.dat'
        format = z
        #datapoints = 24
        residuals are weighted equally (unit weight)

function used for fitting: f(x)
	f(x) = a0*x*x+a1*x+a2
fitted parameters initialized with current variable values

iter      chisq       delta/lim  lambda   a0            a1            a2           
   0 7.3065634852e+21   0.00e+00  1.01e+10    1.000000e+00   1.000000e+00   1.000000e+00
  14 1.9573580669e-02  -6.80e-08  1.01e-04    7.982715e-10  -2.401908e-07   6.435686e-03

After 14 iterations the fit converged.
final sum of squares of residuals : 0.0195736
rel. change during last iteration : -6.80469e-13

degrees of freedom    (FIT_NDF)                        : 21
rms of residuals      (FIT_STDFIT) = sqrt(WSSR/ndf)    : 0.0305299
variance of residuals (reduced chisquare) = WSSR/ndf   : 0.000932075

Final set of parameters            Asymptotic Standard Error
=======================            ==========================
a0              = 7.98272e-10      +/- 2.326e-12    (0.2914%)
a1              = -2.40191e-07     +/- 4.836e-07    (201.3%)
a2              = 0.00643569       +/- 0.02126      (330.3%)

correlation matrix of the fit parameters:
                a0     a1     a2     
a0              1.000 
a1             -0.972  1.000 
a2              0.789 -0.894  1.000 


*******************************************************************************
Fri Mar 25 21:08:31 2022


FIT:    data read from 'salida.dat'
        format = z
        #datapoints = 24
        residuals are weighted equally (unit weight)

function used for fitting: f(x)
	f(x) = a0*x*x+a1*x+a2
fitted parameters initialized with current variable values

iter      chisq       delta/lim  lambda   a0            a1            a2           
   0 7.3065634852e+21   0.00e+00  1.01e+10    1.000000e+00   1.000000e+00   1.000000e+00
  14 1.9573580669e-02  -6.80e-08  1.01e-04    7.982715e-10  -2.401908e-07   6.435686e-03

After 14 iterations the fit converged.
final sum of squares of residuals : 0.0195736
rel. change during last iteration : -6.80469e-13

degrees of freedom    (FIT_NDF)                        : 21
rms of residuals      (FIT_STDFIT) = sqrt(WSSR/ndf)    : 0.0305299
variance of residuals (reduced chisquare) = WSSR/ndf   : 0.000932075

Final set of parameters            Asymptotic Standard Error
=======================            ==========================
a0              = 7.98272e-10      +/- 2.326e-12    (0.2914%)
a1              = -2.40191e-07     +/- 4.836e-07    (201.3%)
a2              = 0.00643569       +/- 0.02126      (330.3%)

correlation matrix of the fit parameters:
                a0     a1     a2     
a0              1.000 
a1             -0.972  1.000 
a2              0.789 -0.894  1.000 
